2017-09-28 23:18:51.218  INFO 12746 --- [main] com.csye6225.demo.SampleTest   : Starting DemoApplicationTest1 on yashodhan-VirtualBox with PID 12746 (started by yasho in /home/yasho/Assignments/Assignment3/csye6225-fall2017)
2017-09-28 23:18:51.236  INFO 12746 --- [main] com.csye6225.demo.SampleTest   : No active profile set, falling back to default profiles: default
2017-09-28 23:18:52.321  INFO 12746 --- [main] o.s.w.c.s.GenericWebApplicationContext   : Refreshing org.springframework.web.context.support.GenericWebApplicationContext@65c7a252: startup date [Thu Sep 28 23:18:52 EDT 2017]; root of context hierarchy
2017-09-28 23:18:55.270  INFO 12746 --- [main] o.s.b.f.s.DefaultListableBeanFactory     : Overriding bean definition for bean 'managementServletContext' with a different definition: replacing [Root bean: class [null]; scope=; abstract=false; lazyInit=false; autowireMode=3; dependencyCheck=0; autowireCandidate=true; primary=false; factoryBeanName=org.springframework.boot.actuate.autoconfigure.EndpointWebMvcHypermediaManagementContextConfiguration; factoryMethodName=managementServletContext; initMethodName=null; destroyMethodName=(inferred); defined in class path resource [org/springframework/boot/actuate/autoconfigure/EndpointWebMvcHypermediaManagementContextConfiguration.class]] with [Root bean: class [null]; scope=; abstract=false; lazyInit=false; autowireMode=3; dependencyCheck=0; autowireCandidate=true; primary=false; factoryBeanName=org.springframework.boot.actuate.autoconfigure.EndpointWebMvcAutoConfiguration; factoryMethodName=managementServletContext; initMethodName=null; destroyMethodName=(inferred); defined in class path resource [org/springframework/boot/actuate/autoconfigure/EndpointWebMvcAutoConfiguration.class]]
2017-09-28 23:18:55.432  INFO 12746 --- [main] o.s.b.f.s.DefaultListableBeanFactory     : Overriding bean definition for bean 'propertySourcesPlaceholderConfigurer' with a different definition: replacing [Root bean: class [org.springframework.boot.autoconfigure.context.PropertyPlaceholderAutoConfiguration]; scope=; abstract=false; lazyInit=false; autowireMode=3; dependencyCheck=0; autowireCandidate=true; primary=false; factoryBeanName=null; factoryMethodName=propertySourcesPlaceholderConfigurer; initMethodName=null; destroyMethodName=(inferred); defined in class path resource [org/springframework/boot/autoconfigure/context/PropertyPlaceholderAutoConfiguration.class]] with [Root bean: class [org.springframework.boot.autoconfigure.session.JdbcSessionConfiguration$SpringBootJdbcHttpSessionConfiguration]; scope=; abstract=false; lazyInit=false; autowireMode=3; dependencyCheck=0; autowireCandidate=true; primary=false; factoryBeanName=null; factoryMethodName=propertySourcesPlaceholderConfigurer; initMethodName=null; destroyMethodName=(inferred); defined in class path resource [org/springframework/boot/autoconfigure/session/JdbcSessionConfiguration$SpringBootJdbcHttpSessionConfiguration.class]]
2017-09-28 23:18:58.153  INFO 12746 --- [main] j.LocalContainerEntityManagerFactoryBean : Building JPA container EntityManagerFactory for persistence unit 'default'
2017-09-28 23:18:58.186  INFO 12746 --- [main] o.hibernate.jpa.internal.util.LogHelper  : HHH000204: Processing PersistenceUnitInfo [
	name: default
	...]
2017-09-28 23:18:58.367  INFO 12746 --- [main] org.hibernate.Version                    : HHH000412: Hibernate Core {5.0.12.Final}
2017-09-28 23:18:58.369  INFO 12746 --- [main] org.hibernate.cfg.Environment            : HHH000206: hibernate.properties not found
2017-09-28 23:18:58.384  INFO 12746 --- [main] org.hibernate.cfg.Environment            : HHH000021: Bytecode provider name : javassist
2017-09-28 23:18:58.482  INFO 12746 --- [main] o.hibernate.annotations.common.Version   : HCANN000001: Hibernate Commons Annotations {5.0.1.Final}
2017-09-28 23:18:58.956  INFO 12746 --- [main] org.hibernate.dialect.Dialect            : HHH000400: Using dialect: org.hibernate.dialect.MySQLDialect
2017-09-28 23:18:59.727  INFO 12746 --- [main] org.hibernate.tool.hbm2ddl.SchemaUpdate  : HHH000228: Running hbm2ddl schema update
2017-09-28 23:18:59.848  INFO 12746 --- [main] j.LocalContainerEntityManagerFactoryBean : Initialized JPA EntityManagerFactory for persistence unit 'default'
2017-09-28 23:19:01.795  INFO 12746 --- [main] s.w.s.m.m.a.RequestMappingHandlerAdapter : Looking for @ControllerAdvice: org.springframework.web.context.support.GenericWebApplicationContext@65c7a252: startup date [Thu Sep 28 23:18:52 EDT 2017]; root of context hierarchy
2017-09-28 23:19:01.821  INFO 12746 --- [main] s.w.s.m.m.a.RequestMappingHandlerAdapter : Detected ResponseBodyAdvice bean in org.springframework.boot.actuate.autoconfigure.EndpointWebMvcHypermediaManagementContextConfiguration$ActuatorEndpointLinksAdvice
2017-09-28 23:19:01.969  INFO 12746 --- [main] s.w.s.m.m.a.RequestMappingHandlerMapping : Mapped "{[/],methods=[GET],produces=[application/json]}" onto public java.lang.String com.csye6225.demo.controllers.HomeController.welcome(javax.servlet.http.HttpServletRequest)
2017-09-28 23:19:01.971  INFO 12746 --- [main] s.w.s.m.m.a.RequestMappingHandlerMapping : Mapped "{[/testPost],methods=[POST],produces=[application/json]}" onto public java.lang.String com.csye6225.demo.controllers.HomeController.testPost()
2017-09-28 23:19:01.972  INFO 12746 --- [main] s.w.s.m.m.a.RequestMappingHandlerMapping : Mapped "{[/user/register],methods=[POST],produces=[application/json]}" onto public java.lang.String com.csye6225.demo.controllers.HomeController.save(javax.servlet.http.HttpServletRequest)
2017-09-28 23:19:01.972  INFO 12746 --- [main] s.w.s.m.m.a.RequestMappingHandlerMapping : Mapped "{[/test],methods=[GET],produces=[application/json]}" onto public java.lang.String com.csye6225.demo.controllers.HomeController.test()
2017-09-28 23:19:01.974  INFO 12746 --- [main] s.w.s.m.m.a.RequestMappingHandlerMapping : Mapped "{[/error],produces=[text/html]}" onto public org.springframework.web.servlet.ModelAndView org.springframework.boot.autoconfigure.web.BasicErrorController.errorHtml(javax.servlet.http.HttpServletRequest,javax.servlet.http.HttpServletResponse)
2017-09-28 23:19:01.974  INFO 12746 --- [main] s.w.s.m.m.a.RequestMappingHandlerMapping : Mapped "{[/error]}" onto public org.springframework.http.ResponseEntity<java.util.Map<java.lang.String, java.lang.Object>> org.springframework.boot.autoconfigure.web.BasicErrorController.error(javax.servlet.http.HttpServletRequest)
2017-09-28 23:19:02.030  INFO 12746 --- [main] o.s.w.s.handler.SimpleUrlHandlerMapping  : Mapped URL path [/webjars/**] onto handler of type [class org.springframework.web.servlet.resource.ResourceHttpRequestHandler]
2017-09-28 23:19:02.030  INFO 12746 --- [main] o.s.w.s.handler.SimpleUrlHandlerMapping  : Mapped URL path [/**] onto handler of type [class org.springframework.web.servlet.resource.ResourceHttpRequestHandler]
2017-09-28 23:19:02.030  INFO 12746 --- [main] o.s.w.s.handler.SimpleUrlHandlerMapping  : Mapped URL path [/docs/**] onto handler of type [class org.springframework.web.servlet.resource.ResourceHttpRequestHandler]
2017-09-28 23:19:02.051  INFO 12746 --- [main] .m.m.a.ExceptionHandlerExceptionResolver : Detected ResponseBodyAdvice implementation in org.springframework.boot.actuate.autoconfigure.EndpointWebMvcHypermediaManagementContextConfiguration$ActuatorEndpointLinksAdvice
2017-09-28 23:19:02.119  INFO 12746 --- [main] o.s.w.s.handler.SimpleUrlHandlerMapping  : Mapped URL path [/**/favicon.ico] onto handler of type [class org.springframework.web.servlet.resource.ResourceHttpRequestHandler]
2017-09-28 23:19:02.685  INFO 12746 --- [main] o.s.s.web.DefaultSecurityFilterChain     : Creating filter chain: OrRequestMatcher [requestMatchers=[Ant [pattern='/css/**'], Ant [pattern='/js/**'], Ant [pattern='/images/**'], Ant [pattern='/webjars/**'], Ant [pattern='/**/favicon.ico'], Ant [pattern='/error']]], []
2017-09-28 23:19:02.686  INFO 12746 --- [main] o.s.s.web.DefaultSecurityFilterChain     : Creating filter chain: org.springframework.boot.actuate.autoconfigure.ManagementWebSecurityAutoConfiguration$LazyEndpointPathRequestMatcher@1c18ee69, []
2017-09-28 23:19:02.814  INFO 12746 --- [main] o.s.s.web.DefaultSecurityFilterChain     : Creating filter chain: org.springframework.boot.autoconfigure.security.SpringBootWebSecurityConfiguration$ApplicationNoWebSecurityConfigurerAdapter$1@48106381, [org.springframework.security.web.context.request.async.WebAsyncManagerIntegrationFilter@3c544c9, org.springframework.security.web.context.SecurityContextPersistenceFilter@3a6556b6, org.springframework.security.web.header.HeaderWriterFilter@26f75d9c, org.springframework.security.web.csrf.CsrfFilter@365e65bb, org.springframework.security.web.authentication.logout.LogoutFilter@2d47b06, org.springframework.security.web.savedrequest.RequestCacheAwareFilter@6141647f, org.springframework.security.web.servletapi.SecurityContextHolderAwareRequestFilter@3982206a, org.springframework.security.web.authentication.AnonymousAuthenticationFilter@22e813fc, org.springframework.security.web.session.SessionManagementFilter@2d4e99de, org.springframework.security.web.access.ExceptionTranslationFilter@70543cae]
2017-09-28 23:19:03.502  INFO 12746 --- [main] o.s.b.a.e.mvc.EndpointHandlerMapping     : Mapped "{[/beans || /beans.json],methods=[GET],produces=[application/vnd.spring-boot.actuator.v1+json || application/json]}" onto public java.lang.Object org.springframework.boot.actuate.endpoint.mvc.EndpointMvcAdapter.invoke()
2017-09-28 23:19:03.504  INFO 12746 --- [main] o.s.b.a.e.mvc.EndpointHandlerMapping     : Mapped "{[/metrics/{name:.*}],methods=[GET],produces=[application/vnd.spring-boot.actuator.v1+json || application/json]}" onto public java.lang.Object org.springframework.boot.actuate.endpoint.mvc.MetricsMvcEndpoint.value(java.lang.String)
2017-09-28 23:19:03.504  INFO 12746 --- [main] o.s.b.a.e.mvc.EndpointHandlerMapping     : Mapped "{[/metrics || /metrics.json],methods=[GET],produces=[application/vnd.spring-boot.actuator.v1+json || application/json]}" onto public java.lang.Object org.springframework.boot.actuate.endpoint.mvc.EndpointMvcAdapter.invoke()
2017-09-28 23:19:03.505  INFO 12746 --- [main] o.s.b.a.e.mvc.EndpointHandlerMapping     : Mapped "{[/autoconfig || /autoconfig.json],methods=[GET],produces=[application/vnd.spring-boot.actuator.v1+json || application/json]}" onto public java.lang.Object org.springframework.boot.actuate.endpoint.mvc.EndpointMvcAdapter.invoke()
2017-09-28 23:19:03.506  INFO 12746 --- [main] o.s.b.a.e.mvc.EndpointHandlerMapping     : Mapped "{[/logfile || /logfile.json],methods=[GET || HEAD]}" onto public void org.springframework.boot.actuate.endpoint.mvc.LogFileMvcEndpoint.invoke(javax.servlet.http.HttpServletRequest,javax.servlet.http.HttpServletResponse) throws javax.servlet.ServletException,java.io.IOException
2017-09-28 23:19:03.506  INFO 12746 --- [main] o.s.b.a.e.mvc.EndpointHandlerMapping     : Mapped "{[/mappings || /mappings.json],methods=[GET],produces=[application/vnd.spring-boot.actuator.v1+json || application/json]}" onto public java.lang.Object org.springframework.boot.actuate.endpoint.mvc.EndpointMvcAdapter.invoke()
2017-09-28 23:19:03.507  INFO 12746 --- [main] o.s.b.a.e.mvc.EndpointHandlerMapping     : Mapped "{[/auditevents || /auditevents.json],methods=[GET],produces=[application/vnd.spring-boot.actuator.v1+json || application/json]}" onto public org.springframework.http.ResponseEntity<?> org.springframework.boot.actuate.endpoint.mvc.AuditEventsMvcEndpoint.findByPrincipalAndAfterAndType(java.lang.String,java.util.Date,java.lang.String)
2017-09-28 23:19:03.507  INFO 12746 --- [main] o.s.b.a.e.mvc.EndpointHandlerMapping     : Mapped "{[/heapdump || /heapdump.json],methods=[GET],produces=[application/octet-stream]}" onto public void org.springframework.boot.actuate.endpoint.mvc.HeapdumpMvcEndpoint.invoke(boolean,javax.servlet.http.HttpServletRequest,javax.servlet.http.HttpServletResponse) throws java.io.IOException,javax.servlet.ServletException
2017-09-28 23:19:03.515  INFO 12746 --- [main] o.s.b.a.e.mvc.EndpointHandlerMapping     : Mapped "{[/loggers/{name:.*}],methods=[GET],produces=[application/vnd.spring-boot.actuator.v1+json || application/json]}" onto public java.lang.Object org.springframework.boot.actuate.endpoint.mvc.LoggersMvcEndpoint.get(java.lang.String)
2017-09-28 23:19:03.515  INFO 12746 --- [main] o.s.b.a.e.mvc.EndpointHandlerMapping     : Mapped "{[/loggers/{name:.*}],methods=[POST],consumes=[application/vnd.spring-boot.actuator.v1+json || application/json],produces=[application/vnd.spring-boot.actuator.v1+json || application/json]}" onto public java.lang.Object org.springframework.boot.actuate.endpoint.mvc.LoggersMvcEndpoint.set(java.lang.String,java.util.Map<java.lang.String, java.lang.String>)
2017-09-28 23:19:03.516  INFO 12746 --- [main] o.s.b.a.e.mvc.EndpointHandlerMapping     : Mapped "{[/loggers || /loggers.json],methods=[GET],produces=[application/vnd.spring-boot.actuator.v1+json || application/json]}" onto public java.lang.Object org.springframework.boot.actuate.endpoint.mvc.EndpointMvcAdapter.invoke()
2017-09-28 23:19:03.517  INFO 12746 --- [main] o.s.b.a.e.mvc.EndpointHandlerMapping     : Mapped "{[/health || /health.json],methods=[GET],produces=[application/vnd.spring-boot.actuator.v1+json || application/json]}" onto public java.lang.Object org.springframework.boot.actuate.endpoint.mvc.HealthMvcEndpoint.invoke(javax.servlet.http.HttpServletRequest,java.security.Principal)
2017-09-28 23:19:03.517  INFO 12746 --- [main] o.s.b.a.e.mvc.EndpointHandlerMapping     : Mapped "{[/info || /info.json],methods=[GET],produces=[application/vnd.spring-boot.actuator.v1+json || application/json]}" onto public java.lang.Object org.springframework.boot.actuate.endpoint.mvc.EndpointMvcAdapter.invoke()
2017-09-28 23:19:03.518  INFO 12746 --- [main] o.s.b.a.e.mvc.EndpointHandlerMapping     : Mapped "{[/dump || /dump.json],methods=[GET],produces=[application/vnd.spring-boot.actuator.v1+json || application/json]}" onto public java.lang.Object org.springframework.boot.actuate.endpoint.mvc.EndpointMvcAdapter.invoke()
2017-09-28 23:19:03.540  INFO 12746 --- [main] o.s.b.a.e.mvc.EndpointHandlerMapping     : Mapped "{[/docs],produces=[text/html]}" onto public java.lang.String org.springframework.boot.actuate.endpoint.mvc.DocsMvcEndpoint.redirect()
2017-09-28 23:19:03.554  INFO 12746 --- [main] o.s.b.a.e.mvc.EndpointHandlerMapping     : Mapped "{[/docs/],produces=[text/html]}" onto public java.lang.String org.springframework.boot.actuate.endpoint.mvc.DocsMvcEndpoint.browse()
2017-09-28 23:19:03.555  INFO 12746 --- [main] o.s.b.a.e.mvc.EndpointHandlerMapping     : Mapped "{[/env/{name:.*}],methods=[GET],produces=[application/vnd.spring-boot.actuator.v1+json || application/json]}" onto public java.lang.Object org.springframework.boot.actuate.endpoint.mvc.EnvironmentMvcEndpoint.value(java.lang.String)
2017-09-28 23:19:03.556  INFO 12746 --- [main] o.s.b.a.e.mvc.EndpointHandlerMapping     : Mapped "{[/env || /env.json],methods=[GET],produces=[application/vnd.spring-boot.actuator.v1+json || application/json]}" onto public java.lang.Object org.springframework.boot.actuate.endpoint.mvc.EndpointMvcAdapter.invoke()
2017-09-28 23:19:03.562  INFO 12746 --- [main] o.s.b.a.e.mvc.EndpointHandlerMapping     : Mapped "{[/configprops || /configprops.json],methods=[GET],produces=[application/vnd.spring-boot.actuator.v1+json || application/json]}" onto public java.lang.Object org.springframework.boot.actuate.endpoint.mvc.EndpointMvcAdapter.invoke()
2017-09-28 23:19:03.565  INFO 12746 --- [main] o.s.b.a.e.mvc.EndpointHandlerMapping     : Mapped "{[/actuator || /actuator.json],methods=[GET],produces=[application/vnd.spring-boot.actuator.v1+json || application/json]}" onto public org.springframework.hateoas.ResourceSupport org.springframework.boot.actuate.endpoint.mvc.HalJsonMvcEndpoint.links()
2017-09-28 23:19:03.565  INFO 12746 --- [main] o.s.b.a.e.mvc.EndpointHandlerMapping     : Mapped "{[/trace || /trace.json],methods=[GET],produces=[application/vnd.spring-boot.actuator.v1+json || application/json]}" onto public java.lang.Object org.springframework.boot.actuate.endpoint.mvc.EndpointMvcAdapter.invoke()
2017-09-28 23:19:04.125  INFO 12746 --- [main] o.s.jdbc.datasource.init.ScriptUtils     : Executing SQL script from class path resource [org/springframework/session/jdbc/schema-mysql.sql]
2017-09-28 23:19:04.185  INFO 12746 --- [main] o.s.jdbc.datasource.init.ScriptUtils     : Executed SQL script from class path resource [org/springframework/session/jdbc/schema-mysql.sql] in 44 ms.
2017-09-28 23:19:04.405  INFO 12746 --- [main] s.a.ScheduledAnnotationBeanPostProcessor : No TaskScheduler/ScheduledExecutorService bean found for scheduled processing
2017-09-28 23:19:04.430  INFO 12746 --- [main] com.csye6225.demo.SampleTest   : Started DemoApplicationTest1 in 14.287 seconds (JVM running for 16.785)
2017-09-28 23:19:04.621  INFO 12746 --- [Thread-4] o.s.w.c.s.GenericWebApplicationContext   : Closing org.springframework.web.context.support.GenericWebApplicationContext@65c7a252: startup date [Thu Sep 28 23:18:52 EDT 2017]; root of context hierarchy
2017-09-28 23:19:04.647  INFO 12746 --- [Thread-4] j.LocalContainerEntityManagerFactoryBean : Closing JPA EntityManagerFactory for persistence unit 'default'
